c:\users\chad\documents\visual studio 2013\projects\khet\khet\debug\vc120.pdb
c:\users\chad\documents\visual studio 2013\projects\khet\khet\debug\vc120.idb
c:\users\chad\documents\visual studio 2013\projects\khet\khet\debug\boards.obj
c:\users\chad\documents\visual studio 2013\projects\khet\khet\debug\cells.obj
c:\users\chad\documents\visual studio 2013\projects\khet\khet\debug\source.obj
c:\users\chad\documents\visual studio 2013\projects\khet\debug\khet.pdb
c:\users\chad\documents\visual studio 2013\projects\khet\khet\debug\khet.tlog\cl.command.1.tlog
c:\users\chad\documents\visual studio 2013\projects\khet\khet\debug\khet.tlog\cl.read.1.tlog
c:\users\chad\documents\visual studio 2013\projects\khet\khet\debug\khet.tlog\cl.write.1.tlog
c:\users\chad\documents\visual studio 2013\projects\khet\khet\debug\khet.tlog\link-cvtres.read.1.tlog
c:\users\chad\documents\visual studio 2013\projects\khet\khet\debug\khet.tlog\link-cvtres.write.1.tlog
c:\users\chad\documents\visual studio 2013\projects\khet\khet\debug\khet.tlog\link-rc.read.1.tlog
c:\users\chad\documents\visual studio 2013\projects\khet\khet\debug\khet.tlog\link-rc.write.1.tlog
c:\users\chad\documents\visual studio 2013\projects\khet\khet\debug\khet.tlog\link.8764-cvtres.read.1.tlog
c:\users\chad\documents\visual studio 2013\projects\khet\khet\debug\khet.tlog\link.8764-cvtres.write.1.tlog
c:\users\chad\documents\visual studio 2013\projects\khet\khet\debug\khet.tlog\link.8764-rc.read.1.tlog
c:\users\chad\documents\visual studio 2013\projects\khet\khet\debug\khet.tlog\link.8764-rc.write.1.tlog
c:\users\chad\documents\visual studio 2013\projects\khet\khet\debug\khet.tlog\link.8764.read.1.tlog
c:\users\chad\documents\visual studio 2013\projects\khet\khet\debug\khet.tlog\link.8764.write.1.tlog
c:\users\chad\documents\visual studio 2013\projects\khet\khet\debug\khet.tlog\link.command.1.tlog
c:\users\chad\documents\visual studio 2013\projects\khet\khet\debug\khet.tlog\link.read.1.tlog
c:\users\chad\documents\visual studio 2013\projects\khet\khet\debug\khet.tlog\link.write.1.tlog
